Version 4.0 HI-TECH Software Intermediate Code
"4205 C:/Program Files (x86)/Microchip/MPLABX/v5.40/packs/Microchip/PIC16Fxxx_DFP/1.2.33/xc8\pic\include\proc\pic16f887.h
[; ;C:/Program Files (x86)/Microchip/MPLABX/v5.40/packs/Microchip/PIC16Fxxx_DFP/1.2.33/xc8\pic\include\proc\pic16f887.h: 4205: extern volatile __bit RE0 __attribute__((address(0x48)));
[v _RE0 `Vb ~T0 @X0 0 e@72 ]
"49 ./LCD.h
[; ;./LCD.h: 49: void PUERTO (uint8_t x);
[v _PUERTO `(v ~T0 @X0 0 ef1`uc ]
"4208 C:/Program Files (x86)/Microchip/MPLABX/v5.40/packs/Microchip/PIC16Fxxx_DFP/1.2.33/xc8\pic\include\proc\pic16f887.h
[; ;C:/Program Files (x86)/Microchip/MPLABX/v5.40/packs/Microchip/PIC16Fxxx_DFP/1.2.33/xc8\pic\include\proc\pic16f887.h: 4208: extern volatile __bit RE1 __attribute__((address(0x49)));
[v _RE1 `Vb ~T0 @X0 0 e@73 ]
[v F1256 `(v ~T0 @X0 1 tf1`ul ]
"92 C:/Program Files (x86)/Microchip/MPLABX/v5.40/packs/Microchip/PIC16Fxxx_DFP/1.2.33/xc8\pic\include\pic.h
[v __delay `JF1256 ~T0 @X0 0 e ]
[p i __delay ]
"4103 C:/Program Files (x86)/Microchip/MPLABX/v5.40/packs/Microchip/PIC16Fxxx_DFP/1.2.33/xc8\pic\include\proc\pic16f887.h
[; ;C:/Program Files (x86)/Microchip/MPLABX/v5.40/packs/Microchip/PIC16Fxxx_DFP/1.2.33/xc8\pic\include\proc\pic16f887.h: 4103: extern volatile __bit RB0 __attribute__((address(0x30)));
[v _RB0 `Vb ~T0 @X0 0 e@48 ]
"4106
[; ;C:/Program Files (x86)/Microchip/MPLABX/v5.40/packs/Microchip/PIC16Fxxx_DFP/1.2.33/xc8\pic\include\proc\pic16f887.h: 4106: extern volatile __bit RB1 __attribute__((address(0x31)));
[v _RB1 `Vb ~T0 @X0 0 e@49 ]
"4109
[; ;C:/Program Files (x86)/Microchip/MPLABX/v5.40/packs/Microchip/PIC16Fxxx_DFP/1.2.33/xc8\pic\include\proc\pic16f887.h: 4109: extern volatile __bit RB2 __attribute__((address(0x32)));
[v _RB2 `Vb ~T0 @X0 0 e@50 ]
"4112
[; ;C:/Program Files (x86)/Microchip/MPLABX/v5.40/packs/Microchip/PIC16Fxxx_DFP/1.2.33/xc8\pic\include\proc\pic16f887.h: 4112: extern volatile __bit RB3 __attribute__((address(0x33)));
[v _RB3 `Vb ~T0 @X0 0 e@51 ]
"4115
[; ;C:/Program Files (x86)/Microchip/MPLABX/v5.40/packs/Microchip/PIC16Fxxx_DFP/1.2.33/xc8\pic\include\proc\pic16f887.h: 4115: extern volatile __bit RB4 __attribute__((address(0x34)));
[v _RB4 `Vb ~T0 @X0 0 e@52 ]
"4118
[; ;C:/Program Files (x86)/Microchip/MPLABX/v5.40/packs/Microchip/PIC16Fxxx_DFP/1.2.33/xc8\pic\include\proc\pic16f887.h: 4118: extern volatile __bit RB5 __attribute__((address(0x35)));
[v _RB5 `Vb ~T0 @X0 0 e@53 ]
"4121
[; ;C:/Program Files (x86)/Microchip/MPLABX/v5.40/packs/Microchip/PIC16Fxxx_DFP/1.2.33/xc8\pic\include\proc\pic16f887.h: 4121: extern volatile __bit RB6 __attribute__((address(0x36)));
[v _RB6 `Vb ~T0 @X0 0 e@54 ]
"4124
[; ;C:/Program Files (x86)/Microchip/MPLABX/v5.40/packs/Microchip/PIC16Fxxx_DFP/1.2.33/xc8\pic\include\proc\pic16f887.h: 4124: extern volatile __bit RB7 __attribute__((address(0x37)));
[v _RB7 `Vb ~T0 @X0 0 e@55 ]
"54 C:/Program Files (x86)/Microchip/MPLABX/v5.40/packs/Microchip/PIC16Fxxx_DFP/1.2.33/xc8\pic\include\proc\pic16f887.h
[; ;C:/Program Files (x86)/Microchip/MPLABX/v5.40/packs/Microchip/PIC16Fxxx_DFP/1.2.33/xc8\pic\include\proc\pic16f887.h: 54: __asm("INDF equ 00h");
[; <" INDF equ 00h ;# ">
"61
[; ;C:/Program Files (x86)/Microchip/MPLABX/v5.40/packs/Microchip/PIC16Fxxx_DFP/1.2.33/xc8\pic\include\proc\pic16f887.h: 61: __asm("TMR0 equ 01h");
[; <" TMR0 equ 01h ;# ">
"68
[; ;C:/Program Files (x86)/Microchip/MPLABX/v5.40/packs/Microchip/PIC16Fxxx_DFP/1.2.33/xc8\pic\include\proc\pic16f887.h: 68: __asm("PCL equ 02h");
[; <" PCL equ 02h ;# ">
"75
[; ;C:/Program Files (x86)/Microchip/MPLABX/v5.40/packs/Microchip/PIC16Fxxx_DFP/1.2.33/xc8\pic\include\proc\pic16f887.h: 75: __asm("STATUS equ 03h");
[; <" STATUS equ 03h ;# ">
"161
[; ;C:/Program Files (x86)/Microchip/MPLABX/v5.40/packs/Microchip/PIC16Fxxx_DFP/1.2.33/xc8\pic\include\proc\pic16f887.h: 161: __asm("FSR equ 04h");
[; <" FSR equ 04h ;# ">
"168
[; ;C:/Program Files (x86)/Microchip/MPLABX/v5.40/packs/Microchip/PIC16Fxxx_DFP/1.2.33/xc8\pic\include\proc\pic16f887.h: 168: __asm("PORTA equ 05h");
[; <" PORTA equ 05h ;# ">
"230
[; ;C:/Program Files (x86)/Microchip/MPLABX/v5.40/packs/Microchip/PIC16Fxxx_DFP/1.2.33/xc8\pic\include\proc\pic16f887.h: 230: __asm("PORTB equ 06h");
[; <" PORTB equ 06h ;# ">
"292
[; ;C:/Program Files (x86)/Microchip/MPLABX/v5.40/packs/Microchip/PIC16Fxxx_DFP/1.2.33/xc8\pic\include\proc\pic16f887.h: 292: __asm("PORTC equ 07h");
[; <" PORTC equ 07h ;# ">
"354
[; ;C:/Program Files (x86)/Microchip/MPLABX/v5.40/packs/Microchip/PIC16Fxxx_DFP/1.2.33/xc8\pic\include\proc\pic16f887.h: 354: __asm("PORTD equ 08h");
[; <" PORTD equ 08h ;# ">
"416
[; ;C:/Program Files (x86)/Microchip/MPLABX/v5.40/packs/Microchip/PIC16Fxxx_DFP/1.2.33/xc8\pic\include\proc\pic16f887.h: 416: __asm("PORTE equ 09h");
[; <" PORTE equ 09h ;# ">
"454
[; ;C:/Program Files (x86)/Microchip/MPLABX/v5.40/packs/Microchip/PIC16Fxxx_DFP/1.2.33/xc8\pic\include\proc\pic16f887.h: 454: __asm("PCLATH equ 0Ah");
[; <" PCLATH equ 0Ah ;# ">
"461
[; ;C:/Program Files (x86)/Microchip/MPLABX/v5.40/packs/Microchip/PIC16Fxxx_DFP/1.2.33/xc8\pic\include\proc\pic16f887.h: 461: __asm("INTCON equ 0Bh");
[; <" INTCON equ 0Bh ;# ">
"539
[; ;C:/Program Files (x86)/Microchip/MPLABX/v5.40/packs/Microchip/PIC16Fxxx_DFP/1.2.33/xc8\pic\include\proc\pic16f887.h: 539: __asm("PIR1 equ 0Ch");
[; <" PIR1 equ 0Ch ;# ">
"595
[; ;C:/Program Files (x86)/Microchip/MPLABX/v5.40/packs/Microchip/PIC16Fxxx_DFP/1.2.33/xc8\pic\include\proc\pic16f887.h: 595: __asm("PIR2 equ 0Dh");
[; <" PIR2 equ 0Dh ;# ">
"652
[; ;C:/Program Files (x86)/Microchip/MPLABX/v5.40/packs/Microchip/PIC16Fxxx_DFP/1.2.33/xc8\pic\include\proc\pic16f887.h: 652: __asm("TMR1 equ 0Eh");
[; <" TMR1 equ 0Eh ;# ">
"659
[; ;C:/Program Files (x86)/Microchip/MPLABX/v5.40/packs/Microchip/PIC16Fxxx_DFP/1.2.33/xc8\pic\include\proc\pic16f887.h: 659: __asm("TMR1L equ 0Eh");
[; <" TMR1L equ 0Eh ;# ">
"666
[; ;C:/Program Files (x86)/Microchip/MPLABX/v5.40/packs/Microchip/PIC16Fxxx_DFP/1.2.33/xc8\pic\include\proc\pic16f887.h: 666: __asm("TMR1H equ 0Fh");
[; <" TMR1H equ 0Fh ;# ">
"673
[; ;C:/Program Files (x86)/Microchip/MPLABX/v5.40/packs/Microchip/PIC16Fxxx_DFP/1.2.33/xc8\pic\include\proc\pic16f887.h: 673: __asm("T1CON equ 010h");
[; <" T1CON equ 010h ;# ">
"767
[; ;C:/Program Files (x86)/Microchip/MPLABX/v5.40/packs/Microchip/PIC16Fxxx_DFP/1.2.33/xc8\pic\include\proc\pic16f887.h: 767: __asm("TMR2 equ 011h");
[; <" TMR2 equ 011h ;# ">
"774
[; ;C:/Program Files (x86)/Microchip/MPLABX/v5.40/packs/Microchip/PIC16Fxxx_DFP/1.2.33/xc8\pic\include\proc\pic16f887.h: 774: __asm("T2CON equ 012h");
[; <" T2CON equ 012h ;# ">
"845
[; ;C:/Program Files (x86)/Microchip/MPLABX/v5.40/packs/Microchip/PIC16Fxxx_DFP/1.2.33/xc8\pic\include\proc\pic16f887.h: 845: __asm("SSPBUF equ 013h");
[; <" SSPBUF equ 013h ;# ">
"852
[; ;C:/Program Files (x86)/Microchip/MPLABX/v5.40/packs/Microchip/PIC16Fxxx_DFP/1.2.33/xc8\pic\include\proc\pic16f887.h: 852: __asm("SSPCON equ 014h");
[; <" SSPCON equ 014h ;# ">
"922
[; ;C:/Program Files (x86)/Microchip/MPLABX/v5.40/packs/Microchip/PIC16Fxxx_DFP/1.2.33/xc8\pic\include\proc\pic16f887.h: 922: __asm("CCPR1 equ 015h");
[; <" CCPR1 equ 015h ;# ">
"929
[; ;C:/Program Files (x86)/Microchip/MPLABX/v5.40/packs/Microchip/PIC16Fxxx_DFP/1.2.33/xc8\pic\include\proc\pic16f887.h: 929: __asm("CCPR1L equ 015h");
[; <" CCPR1L equ 015h ;# ">
"936
[; ;C:/Program Files (x86)/Microchip/MPLABX/v5.40/packs/Microchip/PIC16Fxxx_DFP/1.2.33/xc8\pic\include\proc\pic16f887.h: 936: __asm("CCPR1H equ 016h");
[; <" CCPR1H equ 016h ;# ">
"943
[; ;C:/Program Files (x86)/Microchip/MPLABX/v5.40/packs/Microchip/PIC16Fxxx_DFP/1.2.33/xc8\pic\include\proc\pic16f887.h: 943: __asm("CCP1CON equ 017h");
[; <" CCP1CON equ 017h ;# ">
"1040
[; ;C:/Program Files (x86)/Microchip/MPLABX/v5.40/packs/Microchip/PIC16Fxxx_DFP/1.2.33/xc8\pic\include\proc\pic16f887.h: 1040: __asm("RCSTA equ 018h");
[; <" RCSTA equ 018h ;# ">
"1135
[; ;C:/Program Files (x86)/Microchip/MPLABX/v5.40/packs/Microchip/PIC16Fxxx_DFP/1.2.33/xc8\pic\include\proc\pic16f887.h: 1135: __asm("TXREG equ 019h");
[; <" TXREG equ 019h ;# ">
"1142
[; ;C:/Program Files (x86)/Microchip/MPLABX/v5.40/packs/Microchip/PIC16Fxxx_DFP/1.2.33/xc8\pic\include\proc\pic16f887.h: 1142: __asm("RCREG equ 01Ah");
[; <" RCREG equ 01Ah ;# ">
"1149
[; ;C:/Program Files (x86)/Microchip/MPLABX/v5.40/packs/Microchip/PIC16Fxxx_DFP/1.2.33/xc8\pic\include\proc\pic16f887.h: 1149: __asm("CCPR2 equ 01Bh");
[; <" CCPR2 equ 01Bh ;# ">
"1156
[; ;C:/Program Files (x86)/Microchip/MPLABX/v5.40/packs/Microchip/PIC16Fxxx_DFP/1.2.33/xc8\pic\include\proc\pic16f887.h: 1156: __asm("CCPR2L equ 01Bh");
[; <" CCPR2L equ 01Bh ;# ">
"1163
[; ;C:/Program Files (x86)/Microchip/MPLABX/v5.40/packs/Microchip/PIC16Fxxx_DFP/1.2.33/xc8\pic\include\proc\pic16f887.h: 1163: __asm("CCPR2H equ 01Ch");
[; <" CCPR2H equ 01Ch ;# ">
"1170
[; ;C:/Program Files (x86)/Microchip/MPLABX/v5.40/packs/Microchip/PIC16Fxxx_DFP/1.2.33/xc8\pic\include\proc\pic16f887.h: 1170: __asm("CCP2CON equ 01Dh");
[; <" CCP2CON equ 01Dh ;# ">
"1240
[; ;C:/Program Files (x86)/Microchip/MPLABX/v5.40/packs/Microchip/PIC16Fxxx_DFP/1.2.33/xc8\pic\include\proc\pic16f887.h: 1240: __asm("ADRESH equ 01Eh");
[; <" ADRESH equ 01Eh ;# ">
"1247
[; ;C:/Program Files (x86)/Microchip/MPLABX/v5.40/packs/Microchip/PIC16Fxxx_DFP/1.2.33/xc8\pic\include\proc\pic16f887.h: 1247: __asm("ADCON0 equ 01Fh");
[; <" ADCON0 equ 01Fh ;# ">
"1348
[; ;C:/Program Files (x86)/Microchip/MPLABX/v5.40/packs/Microchip/PIC16Fxxx_DFP/1.2.33/xc8\pic\include\proc\pic16f887.h: 1348: __asm("OPTION_REG equ 081h");
[; <" OPTION_REG equ 081h ;# ">
"1418
[; ;C:/Program Files (x86)/Microchip/MPLABX/v5.40/packs/Microchip/PIC16Fxxx_DFP/1.2.33/xc8\pic\include\proc\pic16f887.h: 1418: __asm("TRISA equ 085h");
[; <" TRISA equ 085h ;# ">
"1480
[; ;C:/Program Files (x86)/Microchip/MPLABX/v5.40/packs/Microchip/PIC16Fxxx_DFP/1.2.33/xc8\pic\include\proc\pic16f887.h: 1480: __asm("TRISB equ 086h");
[; <" TRISB equ 086h ;# ">
"1542
[; ;C:/Program Files (x86)/Microchip/MPLABX/v5.40/packs/Microchip/PIC16Fxxx_DFP/1.2.33/xc8\pic\include\proc\pic16f887.h: 1542: __asm("TRISC equ 087h");
[; <" TRISC equ 087h ;# ">
"1604
[; ;C:/Program Files (x86)/Microchip/MPLABX/v5.40/packs/Microchip/PIC16Fxxx_DFP/1.2.33/xc8\pic\include\proc\pic16f887.h: 1604: __asm("TRISD equ 088h");
[; <" TRISD equ 088h ;# ">
"1666
[; ;C:/Program Files (x86)/Microchip/MPLABX/v5.40/packs/Microchip/PIC16Fxxx_DFP/1.2.33/xc8\pic\include\proc\pic16f887.h: 1666: __asm("TRISE equ 089h");
[; <" TRISE equ 089h ;# ">
"1704
[; ;C:/Program Files (x86)/Microchip/MPLABX/v5.40/packs/Microchip/PIC16Fxxx_DFP/1.2.33/xc8\pic\include\proc\pic16f887.h: 1704: __asm("PIE1 equ 08Ch");
[; <" PIE1 equ 08Ch ;# ">
"1760
[; ;C:/Program Files (x86)/Microchip/MPLABX/v5.40/packs/Microchip/PIC16Fxxx_DFP/1.2.33/xc8\pic\include\proc\pic16f887.h: 1760: __asm("PIE2 equ 08Dh");
[; <" PIE2 equ 08Dh ;# ">
"1817
[; ;C:/Program Files (x86)/Microchip/MPLABX/v5.40/packs/Microchip/PIC16Fxxx_DFP/1.2.33/xc8\pic\include\proc\pic16f887.h: 1817: __asm("PCON equ 08Eh");
[; <" PCON equ 08Eh ;# ">
"1864
[; ;C:/Program Files (x86)/Microchip/MPLABX/v5.40/packs/Microchip/PIC16Fxxx_DFP/1.2.33/xc8\pic\include\proc\pic16f887.h: 1864: __asm("OSCCON equ 08Fh");
[; <" OSCCON equ 08Fh ;# ">
"1929
[; ;C:/Program Files (x86)/Microchip/MPLABX/v5.40/packs/Microchip/PIC16Fxxx_DFP/1.2.33/xc8\pic\include\proc\pic16f887.h: 1929: __asm("OSCTUNE equ 090h");
[; <" OSCTUNE equ 090h ;# ">
"1981
[; ;C:/Program Files (x86)/Microchip/MPLABX/v5.40/packs/Microchip/PIC16Fxxx_DFP/1.2.33/xc8\pic\include\proc\pic16f887.h: 1981: __asm("SSPCON2 equ 091h");
[; <" SSPCON2 equ 091h ;# ">
"2043
[; ;C:/Program Files (x86)/Microchip/MPLABX/v5.40/packs/Microchip/PIC16Fxxx_DFP/1.2.33/xc8\pic\include\proc\pic16f887.h: 2043: __asm("PR2 equ 092h");
[; <" PR2 equ 092h ;# ">
"2050
[; ;C:/Program Files (x86)/Microchip/MPLABX/v5.40/packs/Microchip/PIC16Fxxx_DFP/1.2.33/xc8\pic\include\proc\pic16f887.h: 2050: __asm("SSPADD equ 093h");
[; <" SSPADD equ 093h ;# ">
"2057
[; ;C:/Program Files (x86)/Microchip/MPLABX/v5.40/packs/Microchip/PIC16Fxxx_DFP/1.2.33/xc8\pic\include\proc\pic16f887.h: 2057: __asm("SSPMSK equ 093h");
[; <" SSPMSK equ 093h ;# ">
"2062
[; ;C:/Program Files (x86)/Microchip/MPLABX/v5.40/packs/Microchip/PIC16Fxxx_DFP/1.2.33/xc8\pic\include\proc\pic16f887.h: 2062: __asm("MSK equ 093h");
[; <" MSK equ 093h ;# ">
"2179
[; ;C:/Program Files (x86)/Microchip/MPLABX/v5.40/packs/Microchip/PIC16Fxxx_DFP/1.2.33/xc8\pic\include\proc\pic16f887.h: 2179: __asm("SSPSTAT equ 094h");
[; <" SSPSTAT equ 094h ;# ">
"2348
[; ;C:/Program Files (x86)/Microchip/MPLABX/v5.40/packs/Microchip/PIC16Fxxx_DFP/1.2.33/xc8\pic\include\proc\pic16f887.h: 2348: __asm("WPUB equ 095h");
[; <" WPUB equ 095h ;# ">
"2418
[; ;C:/Program Files (x86)/Microchip/MPLABX/v5.40/packs/Microchip/PIC16Fxxx_DFP/1.2.33/xc8\pic\include\proc\pic16f887.h: 2418: __asm("IOCB equ 096h");
[; <" IOCB equ 096h ;# ">
"2488
[; ;C:/Program Files (x86)/Microchip/MPLABX/v5.40/packs/Microchip/PIC16Fxxx_DFP/1.2.33/xc8\pic\include\proc\pic16f887.h: 2488: __asm("VRCON equ 097h");
[; <" VRCON equ 097h ;# ">
"2558
[; ;C:/Program Files (x86)/Microchip/MPLABX/v5.40/packs/Microchip/PIC16Fxxx_DFP/1.2.33/xc8\pic\include\proc\pic16f887.h: 2558: __asm("TXSTA equ 098h");
[; <" TXSTA equ 098h ;# ">
"2644
[; ;C:/Program Files (x86)/Microchip/MPLABX/v5.40/packs/Microchip/PIC16Fxxx_DFP/1.2.33/xc8\pic\include\proc\pic16f887.h: 2644: __asm("SPBRG equ 099h");
[; <" SPBRG equ 099h ;# ">
"2706
[; ;C:/Program Files (x86)/Microchip/MPLABX/v5.40/packs/Microchip/PIC16Fxxx_DFP/1.2.33/xc8\pic\include\proc\pic16f887.h: 2706: __asm("SPBRGH equ 09Ah");
[; <" SPBRGH equ 09Ah ;# ">
"2776
[; ;C:/Program Files (x86)/Microchip/MPLABX/v5.40/packs/Microchip/PIC16Fxxx_DFP/1.2.33/xc8\pic\include\proc\pic16f887.h: 2776: __asm("PWM1CON equ 09Bh");
[; <" PWM1CON equ 09Bh ;# ">
"2846
[; ;C:/Program Files (x86)/Microchip/MPLABX/v5.40/packs/Microchip/PIC16Fxxx_DFP/1.2.33/xc8\pic\include\proc\pic16f887.h: 2846: __asm("ECCPAS equ 09Ch");
[; <" ECCPAS equ 09Ch ;# ">
"2928
[; ;C:/Program Files (x86)/Microchip/MPLABX/v5.40/packs/Microchip/PIC16Fxxx_DFP/1.2.33/xc8\pic\include\proc\pic16f887.h: 2928: __asm("PSTRCON equ 09Dh");
[; <" PSTRCON equ 09Dh ;# ">
"2972
[; ;C:/Program Files (x86)/Microchip/MPLABX/v5.40/packs/Microchip/PIC16Fxxx_DFP/1.2.33/xc8\pic\include\proc\pic16f887.h: 2972: __asm("ADRESL equ 09Eh");
[; <" ADRESL equ 09Eh ;# ">
"2979
[; ;C:/Program Files (x86)/Microchip/MPLABX/v5.40/packs/Microchip/PIC16Fxxx_DFP/1.2.33/xc8\pic\include\proc\pic16f887.h: 2979: __asm("ADCON1 equ 09Fh");
[; <" ADCON1 equ 09Fh ;# ">
"3013
[; ;C:/Program Files (x86)/Microchip/MPLABX/v5.40/packs/Microchip/PIC16Fxxx_DFP/1.2.33/xc8\pic\include\proc\pic16f887.h: 3013: __asm("WDTCON equ 0105h");
[; <" WDTCON equ 0105h ;# ">
"3066
[; ;C:/Program Files (x86)/Microchip/MPLABX/v5.40/packs/Microchip/PIC16Fxxx_DFP/1.2.33/xc8\pic\include\proc\pic16f887.h: 3066: __asm("CM1CON0 equ 0107h");
[; <" CM1CON0 equ 0107h ;# ">
"3131
[; ;C:/Program Files (x86)/Microchip/MPLABX/v5.40/packs/Microchip/PIC16Fxxx_DFP/1.2.33/xc8\pic\include\proc\pic16f887.h: 3131: __asm("CM2CON0 equ 0108h");
[; <" CM2CON0 equ 0108h ;# ">
"3196
[; ;C:/Program Files (x86)/Microchip/MPLABX/v5.40/packs/Microchip/PIC16Fxxx_DFP/1.2.33/xc8\pic\include\proc\pic16f887.h: 3196: __asm("CM2CON1 equ 0109h");
[; <" CM2CON1 equ 0109h ;# ">
"3247
[; ;C:/Program Files (x86)/Microchip/MPLABX/v5.40/packs/Microchip/PIC16Fxxx_DFP/1.2.33/xc8\pic\include\proc\pic16f887.h: 3247: __asm("EEDATA equ 010Ch");
[; <" EEDATA equ 010Ch ;# ">
"3252
[; ;C:/Program Files (x86)/Microchip/MPLABX/v5.40/packs/Microchip/PIC16Fxxx_DFP/1.2.33/xc8\pic\include\proc\pic16f887.h: 3252: __asm("EEDAT equ 010Ch");
[; <" EEDAT equ 010Ch ;# ">
"3259
[; ;C:/Program Files (x86)/Microchip/MPLABX/v5.40/packs/Microchip/PIC16Fxxx_DFP/1.2.33/xc8\pic\include\proc\pic16f887.h: 3259: __asm("EEADR equ 010Dh");
[; <" EEADR equ 010Dh ;# ">
"3266
[; ;C:/Program Files (x86)/Microchip/MPLABX/v5.40/packs/Microchip/PIC16Fxxx_DFP/1.2.33/xc8\pic\include\proc\pic16f887.h: 3266: __asm("EEDATH equ 010Eh");
[; <" EEDATH equ 010Eh ;# ">
"3273
[; ;C:/Program Files (x86)/Microchip/MPLABX/v5.40/packs/Microchip/PIC16Fxxx_DFP/1.2.33/xc8\pic\include\proc\pic16f887.h: 3273: __asm("EEADRH equ 010Fh");
[; <" EEADRH equ 010Fh ;# ">
"3280
[; ;C:/Program Files (x86)/Microchip/MPLABX/v5.40/packs/Microchip/PIC16Fxxx_DFP/1.2.33/xc8\pic\include\proc\pic16f887.h: 3280: __asm("SRCON equ 0185h");
[; <" SRCON equ 0185h ;# ">
"3337
[; ;C:/Program Files (x86)/Microchip/MPLABX/v5.40/packs/Microchip/PIC16Fxxx_DFP/1.2.33/xc8\pic\include\proc\pic16f887.h: 3337: __asm("BAUDCTL equ 0187h");
[; <" BAUDCTL equ 0187h ;# ">
"3389
[; ;C:/Program Files (x86)/Microchip/MPLABX/v5.40/packs/Microchip/PIC16Fxxx_DFP/1.2.33/xc8\pic\include\proc\pic16f887.h: 3389: __asm("ANSEL equ 0188h");
[; <" ANSEL equ 0188h ;# ">
"3451
[; ;C:/Program Files (x86)/Microchip/MPLABX/v5.40/packs/Microchip/PIC16Fxxx_DFP/1.2.33/xc8\pic\include\proc\pic16f887.h: 3451: __asm("ANSELH equ 0189h");
[; <" ANSELH equ 0189h ;# ">
"3501
[; ;C:/Program Files (x86)/Microchip/MPLABX/v5.40/packs/Microchip/PIC16Fxxx_DFP/1.2.33/xc8\pic\include\proc\pic16f887.h: 3501: __asm("EECON1 equ 018Ch");
[; <" EECON1 equ 018Ch ;# ">
"3546
[; ;C:/Program Files (x86)/Microchip/MPLABX/v5.40/packs/Microchip/PIC16Fxxx_DFP/1.2.33/xc8\pic\include\proc\pic16f887.h: 3546: __asm("EECON2 equ 018Dh");
[; <" EECON2 equ 018Dh ;# ">
"15 LCD.c
[; ;LCD.c: 15: void char_LCD(char caracter) {
[v _char_LCD `(v ~T0 @X0 1 ef1`uc ]
{
[e :U _char_LCD ]
[v _caracter `uc ~T0 @X0 1 r1 ]
[f ]
"16
[; ;LCD.c: 16:     RE0 = 1;
[e = _RE0 -> -> 1 `i `b ]
"17
[; ;LCD.c: 17:     PUERTO(caracter);
[e ( _PUERTO (1 -> _caracter `uc ]
"18
[; ;LCD.c: 18:     RE1 = 1;
[e = _RE1 -> -> 1 `i `b ]
"19
[; ;LCD.c: 19:     _delay((unsigned long)((5)*(8000000/4000000.0)));
[e ( __delay (1 -> * -> -> 5 `i `d / -> -> 8000000 `l `d .4000000.0 `ul ]
"20
[; ;LCD.c: 20:     RE1 = 0;
[e = _RE1 -> -> 0 `i `b ]
"21
[; ;LCD.c: 21:     _delay((unsigned long)((5)*(8000000/4000000.0)));
[e ( __delay (1 -> * -> -> 5 `i `d / -> -> 8000000 `l `d .4000000.0 `ul ]
"22
[; ;LCD.c: 22:     _delay((unsigned long)((50)*(8000000/4000000.0)));
[e ( __delay (1 -> * -> -> 50 `i `d / -> -> 8000000 `l `d .4000000.0 `ul ]
"23
[; ;LCD.c: 23:     return;
[e $UE 138  ]
"24
[; ;LCD.c: 24: }
[e :UE 138 ]
}
"26
[; ;LCD.c: 26: void PUERTO(uint8_t x){
[v _PUERTO `(v ~T0 @X0 1 ef1`uc ]
{
[e :U _PUERTO ]
[v _x `uc ~T0 @X0 1 r1 ]
[f ]
"27
[; ;LCD.c: 27:     if (x & 1){RB0 = 1;}else{RB0 = 0;}
[e $ ! != & -> _x `i -> 1 `i -> 0 `i 140  ]
{
[e = _RB0 -> -> 1 `i `b ]
}
[e $U 141  ]
[e :U 140 ]
{
[e = _RB0 -> -> 0 `i `b ]
}
[e :U 141 ]
"28
[; ;LCD.c: 28:     if (x & 2){RB1 = 1;}else{RB1 = 0;}
[e $ ! != & -> _x `i -> 2 `i -> 0 `i 142  ]
{
[e = _RB1 -> -> 1 `i `b ]
}
[e $U 143  ]
[e :U 142 ]
{
[e = _RB1 -> -> 0 `i `b ]
}
[e :U 143 ]
"29
[; ;LCD.c: 29:     if (x & 4){RB2 = 1;}else{RB2 = 0;}
[e $ ! != & -> _x `i -> 4 `i -> 0 `i 144  ]
{
[e = _RB2 -> -> 1 `i `b ]
}
[e $U 145  ]
[e :U 144 ]
{
[e = _RB2 -> -> 0 `i `b ]
}
[e :U 145 ]
"30
[; ;LCD.c: 30:     if (x & 8){RB3 = 1;}else{RB3 = 0;}
[e $ ! != & -> _x `i -> 8 `i -> 0 `i 146  ]
{
[e = _RB3 -> -> 1 `i `b ]
}
[e $U 147  ]
[e :U 146 ]
{
[e = _RB3 -> -> 0 `i `b ]
}
[e :U 147 ]
"31
[; ;LCD.c: 31:     if (x & 16){RB4 = 1;}else{RB4 = 0;}
[e $ ! != & -> _x `i -> 16 `i -> 0 `i 148  ]
{
[e = _RB4 -> -> 1 `i `b ]
}
[e $U 149  ]
[e :U 148 ]
{
[e = _RB4 -> -> 0 `i `b ]
}
[e :U 149 ]
"32
[; ;LCD.c: 32:     if (x & 32){RB5 = 1;}else{RB5 = 0;}
[e $ ! != & -> _x `i -> 32 `i -> 0 `i 150  ]
{
[e = _RB5 -> -> 1 `i `b ]
}
[e $U 151  ]
[e :U 150 ]
{
[e = _RB5 -> -> 0 `i `b ]
}
[e :U 151 ]
"33
[; ;LCD.c: 33:     if (x & 64){RB6 = 1;}else{RB6 = 0;}
[e $ ! != & -> _x `i -> 64 `i -> 0 `i 152  ]
{
[e = _RB6 -> -> 1 `i `b ]
}
[e $U 153  ]
[e :U 152 ]
{
[e = _RB6 -> -> 0 `i `b ]
}
[e :U 153 ]
"34
[; ;LCD.c: 34:     if (x & 128){RB7 = 1;}else{RB7 = 0;}
[e $ ! != & -> _x `i -> 128 `i -> 0 `i 154  ]
{
[e = _RB7 -> -> 1 `i `b ]
}
[e $U 155  ]
[e :U 154 ]
{
[e = _RB7 -> -> 0 `i `b ]
}
[e :U 155 ]
"35
[; ;LCD.c: 35: }
[e :UE 139 ]
}
"37
[; ;LCD.c: 37: void comandosLCD(uint8_t x){
[v _comandosLCD `(v ~T0 @X0 1 ef1`uc ]
{
[e :U _comandosLCD ]
[v _x `uc ~T0 @X0 1 r1 ]
[f ]
"38
[; ;LCD.c: 38:     RE0=0;
[e = _RE0 -> -> 0 `i `b ]
"39
[; ;LCD.c: 39:     PUERTO(x);
[e ( _PUERTO (1 _x ]
"40
[; ;LCD.c: 40:     RE1= 1;
[e = _RE1 -> -> 1 `i `b ]
"41
[; ;LCD.c: 41:     _delay((unsigned long)((5)*(8000000/4000000.0)));
[e ( __delay (1 -> * -> -> 5 `i `d / -> -> 8000000 `l `d .4000000.0 `ul ]
"42
[; ;LCD.c: 42:     RE1=0;
[e = _RE1 -> -> 0 `i `b ]
"43
[; ;LCD.c: 43:     _delay((unsigned long)((5)*(8000000/4000000.0)));
[e ( __delay (1 -> * -> -> 5 `i `d / -> -> 8000000 `l `d .4000000.0 `ul ]
"44
[; ;LCD.c: 44:     _delay((unsigned long)((2)*(8000000/4000000.0)));
[e ( __delay (1 -> * -> -> 2 `i `d / -> -> 8000000 `l `d .4000000.0 `ul ]
"45
[; ;LCD.c: 45: }
[e :UE 156 ]
}
"47
[; ;LCD.c: 47: void LCD_Clear(void){
[v _LCD_Clear `(v ~T0 @X0 1 ef ]
{
[e :U _LCD_Clear ]
[f ]
"48
[; ;LCD.c: 48:     comandosLCD(0);
[e ( _comandosLCD (1 -> -> 0 `i `uc ]
"49
[; ;LCD.c: 49:     comandosLCD(1);
[e ( _comandosLCD (1 -> -> 1 `i `uc ]
"50
[; ;LCD.c: 50: }
[e :UE 157 ]
}
"52
[; ;LCD.c: 52: void LCD_ON(){
[v _LCD_ON `(v ~T0 @X0 1 ef ]
{
[e :U _LCD_ON ]
[f ]
"53
[; ;LCD.c: 53:     RE0= 0;
[e = _RE0 -> -> 0 `i `b ]
"54
[; ;LCD.c: 54:     RE1= 0;
[e = _RE1 -> -> 0 `i `b ]
"55
[; ;LCD.c: 55:     PUERTO(0x00);
[e ( _PUERTO (1 -> -> 0 `i `uc ]
"56
[; ;LCD.c: 56:     _delay((unsigned long)((50)*(8000000/4000.0)));
[e ( __delay (1 -> * -> -> 50 `i `d / -> -> 8000000 `l `d .4000.0 `ul ]
"57
[; ;LCD.c: 57:     comandosLCD(0x02);
[e ( _comandosLCD (1 -> -> 2 `i `uc ]
"58
[; ;LCD.c: 58:     comandosLCD(0x38);
[e ( _comandosLCD (1 -> -> 56 `i `uc ]
"59
[; ;LCD.c: 59:     comandosLCD(0x0C);
[e ( _comandosLCD (1 -> -> 12 `i `uc ]
"60
[; ;LCD.c: 60:     comandosLCD(0x06);
[e ( _comandosLCD (1 -> -> 6 `i `uc ]
"61
[; ;LCD.c: 61: }
[e :UE 158 ]
}
"63
[; ;LCD.c: 63: void LCD_Cursor (uint8_t x, uint8_t y){
[v _LCD_Cursor `(v ~T0 @X0 1 ef2`uc`uc ]
{
[e :U _LCD_Cursor ]
[v _x `uc ~T0 @X0 1 r1 ]
[v _y `uc ~T0 @X0 1 r2 ]
[f ]
"64
[; ;LCD.c: 64:     uint8_t a;
[v _a `uc ~T0 @X0 1 a ]
"65
[; ;LCD.c: 65:     if (x == 1){
[e $ ! == -> _x `i -> 1 `i 160  ]
{
"66
[; ;LCD.c: 66:         a = 0x80 + y;
[e = _a -> + -> 128 `i -> _y `i `uc ]
"67
[; ;LCD.c: 67:         comandosLCD(a);
[e ( _comandosLCD (1 _a ]
"68
[; ;LCD.c: 68:     }
}
[e $U 161  ]
"69
[; ;LCD.c: 69:     else if (x == 2){
[e :U 160 ]
[e $ ! == -> _x `i -> 2 `i 162  ]
{
"70
[; ;LCD.c: 70:         a = 0xC0 + y;
[e = _a -> + -> 192 `i -> _y `i `uc ]
"71
[; ;LCD.c: 71:         comandosLCD(a);
[e ( _comandosLCD (1 _a ]
"72
[; ;LCD.c: 72:     }
}
[e :U 162 ]
[e :U 161 ]
"74
[; ;LCD.c: 74: }
[e :UE 159 ]
}
"76
[; ;LCD.c: 76: void LCD_print (char *a){
[v _LCD_print `(v ~T0 @X0 1 ef1`*uc ]
{
[e :U _LCD_print ]
[v _a `*uc ~T0 @X0 1 r1 ]
[f ]
"77
[; ;LCD.c: 77:     int i;
[v _i `i ~T0 @X0 1 a ]
"78
[; ;LCD.c: 78:     for (i=0; a[i] != '\0'; i++)
{
[e = _i -> 0 `i ]
[e $U 167  ]
[e :U 164 ]
"79
[; ;LCD.c: 79:         char_LCD(a[i]);
[e ( _char_LCD (1 *U + _a * -> _i `x -> -> # *U _a `i `x ]
[e ++ _i -> 1 `i ]
[e :U 167 ]
[e $ != -> *U + _a * -> _i `x -> -> # *U _a `i `x `ui -> 0 `ui 164  ]
[e :U 165 ]
}
"80
[; ;LCD.c: 80: }
[e :UE 163 ]
}
