

Microchip MPLAB XC8 Assembler V2.31 build 20201012212115 
                                                                                               Tue Feb 09 02:29:10 2021

Microchip MPLAB XC8 C Compiler v2.31 (Free license) build 20201012212115 Og1 
     1                           	processor	16F887
     2                           	pagewidth 120
     3                           	opt	flic
     4                           	psect	cinit,global,class=CODE,merge=1,delta=2
     5                           	psect	cstackCOMMON,global,class=COMMON,space=1,delta=1,noexec
     6                           	psect	maintext,global,class=CODE,split=1,delta=2
     7                           	dabs	1,0x7E,2
     8  0000                     
     9                           ; Version 2.20
    10                           ; Generated 12/02/2020 GMT
    11                           ; 
    12                           ; Copyright © 2020, Microchip Technology Inc. and its subsidiaries ("Microchip")
    13                           ; All rights reserved.
    14                           ; 
    15                           ; This software is developed by Microchip Technology Inc. and its subsidiaries ("Microch
      +                          ip").
    16                           ; 
    17                           ; Redistribution and use in source and binary forms, with or without modification, are
    18                           ; permitted provided that the following conditions are met:
    19                           ; 
    20                           ;     1. Redistributions of source code must retain the above copyright notice, this lis
      +                          t of
    21                           ;        conditions and the following disclaimer.
    22                           ; 
    23                           ;     2. Redistributions in binary form must reproduce the above copyright notice, this 
      +                          list
    24                           ;        of conditions and the following disclaimer in the documentation and/or other
    25                           ;        materials provided with the distribution.
    26                           ; 
    27                           ;     3. Microchip's name may not be used to endorse or promote products derived from th
      +                          is
    28                           ;        software without specific prior written permission.
    29                           ; 
    30                           ; THIS SOFTWARE IS PROVIDED BY MICROCHIP "AS IS" AND ANY EXPRESS OR IMPLIED WARRANTIES,
    31                           ; INCLUDING, BUT NOT LIMITED TO, THE IMPLIED WARRANTIES OF MERCHANTABILITY AND FITNESS F
      +                          OR
    32                           ; PURPOSE ARE DISCLAIMED.  IN NO EVENT SHALL MICROCHIP BE LIABLE FOR ANY DIRECT, INDIREC
      +                          T,
    33                           ; INCIDENTAL, SPECIAL, EXEMPLARY, OR CONSEQUENTIAL DAMAGES (INCLUDING BUT NOT LIMITED TO
    34                           ; PROCUREMENT OF SUBSTITUTE GOODS OR SERVICES; LOSS OF USE, DATA OR PROFITS; OR BUSINESS
    35                           ; INTERRUPTION) HOWSOEVER CAUSED AND ON ANY THEORY OF LIABILITY, WHETHER IN CONTRACT, ST
      +                          RICT
    36                           ; LIABILITY, OR TORT (INCLUDING NEGLIGENCE OR OTHERWISE) ARISING IN ANY WAY OUT OF THE U
      +                          SE OF
    37                           ; THIS SOFTWARE, EVEN IF ADVISED OF THE POSSIBILITY OF SUCH DAMAGE.
    38                           ; 
    39                           ; 
    40                           ; Code-generator required, PIC16F887 Definitions
    41                           ; 
    42                           ; SFR Addresses
    43  0000                     	;# 
    44  0001                     	;# 
    45  0002                     	;# 
    46  0003                     	;# 
    47  0004                     	;# 
    48  0005                     	;# 
    49  0006                     	;# 
    50  0007                     	;# 
    51  0008                     	;# 
    52  0009                     	;# 
    53  000A                     	;# 
    54  000B                     	;# 
    55  000C                     	;# 
    56  000D                     	;# 
    57  000E                     	;# 
    58  000E                     	;# 
    59  000F                     	;# 
    60  0010                     	;# 
    61  0011                     	;# 
    62  0012                     	;# 
    63  0013                     	;# 
    64  0014                     	;# 
    65  0015                     	;# 
    66  0015                     	;# 
    67  0016                     	;# 
    68  0017                     	;# 
    69  0018                     	;# 
    70  0019                     	;# 
    71  001A                     	;# 
    72  001B                     	;# 
    73  001B                     	;# 
    74  001C                     	;# 
    75  001D                     	;# 
    76  001E                     	;# 
    77  001F                     	;# 
    78  0081                     	;# 
    79  0085                     	;# 
    80  0086                     	;# 
    81  0087                     	;# 
    82  0088                     	;# 
    83  0089                     	;# 
    84  008C                     	;# 
    85  008D                     	;# 
    86  008E                     	;# 
    87  008F                     	;# 
    88  0090                     	;# 
    89  0091                     	;# 
    90  0092                     	;# 
    91  0093                     	;# 
    92  0093                     	;# 
    93  0093                     	;# 
    94  0094                     	;# 
    95  0095                     	;# 
    96  0096                     	;# 
    97  0097                     	;# 
    98  0098                     	;# 
    99  0099                     	;# 
   100  009A                     	;# 
   101  009B                     	;# 
   102  009C                     	;# 
   103  009D                     	;# 
   104  009E                     	;# 
   105  009F                     	;# 
   106  0105                     	;# 
   107  0107                     	;# 
   108  0108                     	;# 
   109  0109                     	;# 
   110  010C                     	;# 
   111  010C                     	;# 
   112  010D                     	;# 
   113  010E                     	;# 
   114  010F                     	;# 
   115  0185                     	;# 
   116  0187                     	;# 
   117  0188                     	;# 
   118  0189                     	;# 
   119  018C                     	;# 
   120  018D                     	;# 
   121  0000                     	;# 
   122  0001                     	;# 
   123  0002                     	;# 
   124  0003                     	;# 
   125  0004                     	;# 
   126  0005                     	;# 
   127  0006                     	;# 
   128  0007                     	;# 
   129  0008                     	;# 
   130  0009                     	;# 
   131  000A                     	;# 
   132  000B                     	;# 
   133  000C                     	;# 
   134  000D                     	;# 
   135  000E                     	;# 
   136  000E                     	;# 
   137  000F                     	;# 
   138  0010                     	;# 
   139  0011                     	;# 
   140  0012                     	;# 
   141  0013                     	;# 
   142  0014                     	;# 
   143  0015                     	;# 
   144  0015                     	;# 
   145  0016                     	;# 
   146  0017                     	;# 
   147  0018                     	;# 
   148  0019                     	;# 
   149  001A                     	;# 
   150  001B                     	;# 
   151  001B                     	;# 
   152  001C                     	;# 
   153  001D                     	;# 
   154  001E                     	;# 
   155  001F                     	;# 
   156  0081                     	;# 
   157  0085                     	;# 
   158  0086                     	;# 
   159  0087                     	;# 
   160  0088                     	;# 
   161  0089                     	;# 
   162  008C                     	;# 
   163  008D                     	;# 
   164  008E                     	;# 
   165  008F                     	;# 
   166  0090                     	;# 
   167  0091                     	;# 
   168  0092                     	;# 
   169  0093                     	;# 
   170  0093                     	;# 
   171  0093                     	;# 
   172  0094                     	;# 
   173  0095                     	;# 
   174  0096                     	;# 
   175  0097                     	;# 
   176  0098                     	;# 
   177  0099                     	;# 
   178  009A                     	;# 
   179  009B                     	;# 
   180  009C                     	;# 
   181  009D                     	;# 
   182  009E                     	;# 
   183  009F                     	;# 
   184  0105                     	;# 
   185  0107                     	;# 
   186  0108                     	;# 
   187  0109                     	;# 
   188  010C                     	;# 
   189  010C                     	;# 
   190  010D                     	;# 
   191  010E                     	;# 
   192  010F                     	;# 
   193  0185                     	;# 
   194  0187                     	;# 
   195  0188                     	;# 
   196  0189                     	;# 
   197  018C                     	;# 
   198  018D                     	;# 
   199  0000                     	;# 
   200  0001                     	;# 
   201  0002                     	;# 
   202  0003                     	;# 
   203  0004                     	;# 
   204  0005                     	;# 
   205  0006                     	;# 
   206  0007                     	;# 
   207  0008                     	;# 
   208  0009                     	;# 
   209  000A                     	;# 
   210  000B                     	;# 
   211  000C                     	;# 
   212  000D                     	;# 
   213  000E                     	;# 
   214  000E                     	;# 
   215  000F                     	;# 
   216  0010                     	;# 
   217  0011                     	;# 
   218  0012                     	;# 
   219  0013                     	;# 
   220  0014                     	;# 
   221  0015                     	;# 
   222  0015                     	;# 
   223  0016                     	;# 
   224  0017                     	;# 
   225  0018                     	;# 
   226  0019                     	;# 
   227  001A                     	;# 
   228  001B                     	;# 
   229  001B                     	;# 
   230  001C                     	;# 
   231  001D                     	;# 
   232  001E                     	;# 
   233  001F                     	;# 
   234  0081                     	;# 
   235  0085                     	;# 
   236  0086                     	;# 
   237  0087                     	;# 
   238  0088                     	;# 
   239  0089                     	;# 
   240  008C                     	;# 
   241  008D                     	;# 
   242  008E                     	;# 
   243  008F                     	;# 
   244  0090                     	;# 
   245  0091                     	;# 
   246  0092                     	;# 
   247  0093                     	;# 
   248  0093                     	;# 
   249  0093                     	;# 
   250  0094                     	;# 
   251  0095                     	;# 
   252  0096                     	;# 
   253  0097                     	;# 
   254  0098                     	;# 
   255  0099                     	;# 
   256  009A                     	;# 
   257  009B                     	;# 
   258  009C                     	;# 
   259  009D                     	;# 
   260  009E                     	;# 
   261  009F                     	;# 
   262  0105                     	;# 
   263  0107                     	;# 
   264  0108                     	;# 
   265  0109                     	;# 
   266  010C                     	;# 
   267  010C                     	;# 
   268  010D                     	;# 
   269  010E                     	;# 
   270  010F                     	;# 
   271  0185                     	;# 
   272  0187                     	;# 
   273  0188                     	;# 
   274  0189                     	;# 
   275  018C                     	;# 
   276  018D                     	;# 
   277  0000                     	;# 
   278  0001                     	;# 
   279  0002                     	;# 
   280  0003                     	;# 
   281  0004                     	;# 
   282  0005                     	;# 
   283  0006                     	;# 
   284  0007                     	;# 
   285  0008                     	;# 
   286  0009                     	;# 
   287  000A                     	;# 
   288  000B                     	;# 
   289  000C                     	;# 
   290  000D                     	;# 
   291  000E                     	;# 
   292  000E                     	;# 
   293  000F                     	;# 
   294  0010                     	;# 
   295  0011                     	;# 
   296  0012                     	;# 
   297  0013                     	;# 
   298  0014                     	;# 
   299  0015                     	;# 
   300  0015                     	;# 
   301  0016                     	;# 
   302  0017                     	;# 
   303  0018                     	;# 
   304  0019                     	;# 
   305  001A                     	;# 
   306  001B                     	;# 
   307  001B                     	;# 
   308  001C                     	;# 
   309  001D                     	;# 
   310  001E                     	;# 
   311  001F                     	;# 
   312  0081                     	;# 
   313  0085                     	;# 
   314  0086                     	;# 
   315  0087                     	;# 
   316  0088                     	;# 
   317  0089                     	;# 
   318  008C                     	;# 
   319  008D                     	;# 
   320  008E                     	;# 
   321  008F                     	;# 
   322  0090                     	;# 
   323  0091                     	;# 
   324  0092                     	;# 
   325  0093                     	;# 
   326  0093                     	;# 
   327  0093                     	;# 
   328  0094                     	;# 
   329  0095                     	;# 
   330  0096                     	;# 
   331  0097                     	;# 
   332  0098                     	;# 
   333  0099                     	;# 
   334  009A                     	;# 
   335  009B                     	;# 
   336  009C                     	;# 
   337  009D                     	;# 
   338  009E                     	;# 
   339  009F                     	;# 
   340  0105                     	;# 
   341  0107                     	;# 
   342  0108                     	;# 
   343  0109                     	;# 
   344  010C                     	;# 
   345  010C                     	;# 
   346  010D                     	;# 
   347  010E                     	;# 
   348  010F                     	;# 
   349  0185                     	;# 
   350  0187                     	;# 
   351  0188                     	;# 
   352  0189                     	;# 
   353  018C                     	;# 
   354  018D                     	;# 
   355  0000                     	;# 
   356  0001                     	;# 
   357  0002                     	;# 
   358  0003                     	;# 
   359  0004                     	;# 
   360  0005                     	;# 
   361  0006                     	;# 
   362  0007                     	;# 
   363  0008                     	;# 
   364  0009                     	;# 
   365  000A                     	;# 
   366  000B                     	;# 
   367  000C                     	;# 
   368  000D                     	;# 
   369  000E                     	;# 
   370  000E                     	;# 
   371  000F                     	;# 
   372  0010                     	;# 
   373  0011                     	;# 
   374  0012                     	;# 
   375  0013                     	;# 
   376  0014                     	;# 
   377  0015                     	;# 
   378  0015                     	;# 
   379  0016                     	;# 
   380  0017                     	;# 
   381  0018                     	;# 
   382  0019                     	;# 
   383  001A                     	;# 
   384  001B                     	;# 
   385  001B                     	;# 
   386  001C                     	;# 
   387  001D                     	;# 
   388  001E                     	;# 
   389  001F                     	;# 
   390  0081                     	;# 
   391  0085                     	;# 
   392  0086                     	;# 
   393  0087                     	;# 
   394  0088                     	;# 
   395  0089                     	;# 
   396  008C                     	;# 
   397  008D                     	;# 
   398  008E                     	;# 
   399  008F                     	;# 
   400  0090                     	;# 
   401  0091                     	;# 
   402  0092                     	;# 
   403  0093                     	;# 
   404  0093                     	;# 
   405  0093                     	;# 
   406  0094                     	;# 
   407  0095                     	;# 
   408  0096                     	;# 
   409  0097                     	;# 
   410  0098                     	;# 
   411  0099                     	;# 
   412  009A                     	;# 
   413  009B                     	;# 
   414  009C                     	;# 
   415  009D                     	;# 
   416  009E                     	;# 
   417  009F                     	;# 
   418  0105                     	;# 
   419  0107                     	;# 
   420  0108                     	;# 
   421  0109                     	;# 
   422  010C                     	;# 
   423  010C                     	;# 
   424  010D                     	;# 
   425  010E                     	;# 
   426  010F                     	;# 
   427  0185                     	;# 
   428  0187                     	;# 
   429  0188                     	;# 
   430  0189                     	;# 
   431  018C                     	;# 
   432  018D                     	;# 
   433  001A                     _RCREG	set	26
   434  0019                     _TXREG	set	25
   435  001E                     _ADRESH	set	30
   436  001F                     _ADCON0bits	set	31
   437  0065                     _RCIF	set	101
   438  00C4                     _CREN	set	196
   439  00C7                     _SPEN	set	199
   440  0037                     _RB7	set	55
   441  0036                     _RB6	set	54
   442  0035                     _RB5	set	53
   443  0034                     _RB4	set	52
   444  0033                     _RB3	set	51
   445  0032                     _RB2	set	50
   446  0031                     _RB1	set	49
   447  0030                     _RB0	set	48
   448  0049                     _RE1	set	73
   449  0048                     _RE0	set	72
   450  0099                     _SPBRG	set	153
   451  0086                     _TRISBbits	set	134
   452  0089                     _TRISEbits	set	137
   453  0085                     _TRISAbits	set	133
   454  009F                     _ADCON1	set	159
   455  04C1                     _TRMT	set	1217
   456  04C5                     _TXEN	set	1221
   457  043E                     _TRISC6	set	1086
   458  043F                     _TRISC7	set	1087
   459  04C4                     _SYNC	set	1220
   460  04C2                     _BRGH	set	1218
   461  0189                     _ANSELHbits	set	393
   462  0188                     _ANSELbits	set	392
   463                           
   464                           	psect	cinit
   465  07FC                     start_initialization:	
   466                           ; #config settings
   467                           
   468  07FC                     __initialization:
   469  07FC                     end_of_initialization:	
   470                           ;End of C runtime variable initialization code
   471                           
   472  07FC                     __end_of__initialization:
   473  07FC  0183               	clrf	3
   474  07FD  120A  118A  2FF9   	ljmp	_main	;jump to C main() function
   475                           
   476                           	psect	cstackCOMMON
   477  0000                     __pcstackCOMMON:
   478  0000                     ?_main:
   479  0000                     ??_main:	
   480                           ; 1 bytes @ 0x0
   481                           
   482                           
   483                           	psect	maintext
   484  07F9                     __pmaintext:	
   485                           ; 1 bytes @ 0x0
   486 ;;
   487 ;;Main: autosize = 0, tempsize = 0, incstack = 0, save=0
   488 ;;
   489 ;; *************** function _main *****************
   490 ;; Defined at:
   491 ;;		line 10 in file "LAB3.c"
   492 ;; Parameters:    Size  Location     Type
   493 ;;		None
   494 ;; Auto vars:     Size  Location     Type
   495 ;;		None
   496 ;; Return value:  Size  Location     Type
   497 ;;                  1    wreg      void 
   498 ;; Registers used:
   499 ;;		None
   500 ;; Tracked objects:
   501 ;;		On entry : B00/0
   502 ;;		On exit  : 0/0
   503 ;;		Unchanged: 0/0
   504 ;; Data sizes:     COMMON   BANK0   BANK1   BANK3   BANK2
   505 ;;      Params:         0       0       0       0       0
   506 ;;      Locals:         0       0       0       0       0
   507 ;;      Temps:          0       0       0       0       0
   508 ;;      Totals:         0       0       0       0       0
   509 ;;Total ram usage:        0 bytes
   510 ;; This function calls:
   511 ;;		Nothing
   512 ;; This function is called by:
   513 ;;		Startup code after reset
   514 ;; This function uses a non-reentrant model
   515 ;;
   516                           
   517                           
   518                           ;psect for function _main
   519  07F9                     _main:
   520  07F9                     l807:	
   521                           ;incstack = 0
   522                           ; Regs used in _main: []
   523                           
   524  07F9                     l5:	
   525                           ;LAB3.c: 11:     return;
   526                           
   527  07F9  120A  118A  2800   	ljmp	start
   528  07FC                     __end_of_main:
   529  007E                     btemp	set	126	;btemp
   530  007E                     wtemp0	set	126

Data Sizes:
    Strings     0
    Constant    0
    Data        0
    BSS         0
    Persistent  0
    Stack       0

Auto Spaces:
    Space          Size  Autos    Used
    COMMON           14      0       0
    BANK0            80      0       0
    BANK1            80      0       0
    BANK3            96      0       0
    BANK2            96      0       0

Pointer List with Targets:

    None.

Critical Paths under _main in COMMON

    None.

Critical Paths under _main in BANK0

    None.

Critical Paths under _main in BANK1

    None.

Critical Paths under _main in BANK3

    None.

Critical Paths under _main in BANK2

    None.

Call Graph Tables:

 ---------------------------------------------------------------------------------
 (Depth) Function   	        Calls       Base Space   Used Autos Params    Refs
 ---------------------------------------------------------------------------------
 (0) _main                                                 0     0      0       0
 ---------------------------------------------------------------------------------
 Estimated maximum stack depth 0
 ---------------------------------------------------------------------------------

 Call Graph Graphs:

 _main (ROOT)

 Address spaces:
Name               Size   Autos  Total    Cost      Usage
BITCOMMON            E      0       0       0        0.0%
EEDATA             100      0       0       0        0.0%
NULL                 0      0       0       0        0.0%
CODE                 0      0       0       0        0.0%
COMMON               E      0       0       1        0.0%
BITSFR0              0      0       0       1        0.0%
SFR0                 0      0       0       1        0.0%
BITSFR1              0      0       0       2        0.0%
SFR1                 0      0       0       2        0.0%
STACK                0      0       0       2        0.0%
ABS                  0      0       0       3        0.0%
BITBANK0            50      0       0       4        0.0%
BITSFR3              0      0       0       4        0.0%
SFR3                 0      0       0       4        0.0%
BANK0               50      0       0       5        0.0%
BITSFR2              0      0       0       5        0.0%
SFR2                 0      0       0       5        0.0%
BITBANK1            50      0       0       6        0.0%
BANK1               50      0       0       7        0.0%
BITBANK3            60      0       0       8        0.0%
BANK3               60      0       0       9        0.0%
BITBANK2            60      0       0      10        0.0%
BANK2               60      0       0      11        0.0%
DATA                 0      0       0      12        0.0%


Microchip Technology PIC Macro Assembler V2.31 build 20201012212115 
Symbol Table                                                                                   Tue Feb 09 02:29:10 2021

                      l5 07F9                      l807 07F9                      _RB0 0030  
                    _RB1 0031                      _RB2 0032                      _RB3 0033  
                    _RB4 0034                      _RB5 0035                      _RE0 0048  
                    _RB6 0036                      _RE1 0049                      _RB7 0037  
                   _BRGH 04C2                     _CREN 00C4                     _RCIF 0065  
                   _SPEN 00C7                     _TRMT 04C1                     _TXEN 04C5  
                   _SYNC 04C4                     _main 07F9                     btemp 007E  
                   start 0000                    ?_main 0000                    _RCREG 001A  
                  _SPBRG 0099                    _TXREG 0019                    status 0003  
                  wtemp0 007E          __initialization 07FC             __end_of_main 07FC  
                 ??_main 0000                   _ADCON1 009F                   _ADRESH 001E  
                 _TRISC6 043E                   _TRISC7 043F  __end_of__initialization 07FC  
         __pcstackCOMMON 0000               __pmaintext 07F9                _ANSELbits 0188  
   end_of_initialization 07FC                _TRISAbits 0085                _TRISBbits 0086  
              _TRISEbits 0089      start_initialization 07FC                ___latbits 0002  
             _ADCON0bits 001F               _ANSELHbits 0189            __size_of_main 0003  
